********************************************************************************
product = WebSphere Application Server 17.0.0.1 (wlp-1.0.16.cl170120170227-0220)
wlp.install.dir = C:/Users/Lenovo/eclipse-workspace/FIC/target/liberty/wlp/
java.home = C:\Program Files\Java\jdk1.8.0_221\jre
java.version = 1.8.0_221
java.runtime = Java(TM) SE Runtime Environment (1.8.0_221-b11)
os = Windows 10 (10.0; amd64) (en_US)
process = 13544@DESKTOP-2IGDJ08
********************************************************************************
[8/23/20 8:08:45:568 IST] 00000001 com.ibm.ws.kernel.launch.internal.FrameworkManager           A CWWKE0001I: The server ServletSampleServer has been launched.
[8/23/20 8:08:45:600 IST] 00000001 com.ibm.ws.kernel.launch.internal.FrameworkManager           A CWWKE0100I: This product is licensed for development, and limited production use. The full license terms can be viewed here: https://public.dhe.ibm.com/ibmdl/export/pub/software/websphere/wasdev/license/base_ilan/ilan/17.0.0.1/lafiles/en.html
[8/23/20 8:08:48:021 IST] 00000001 com.ibm.ws.kernel.launch.internal.FrameworkManager           I CWWKE0002I: The kernel started after 2.821 seconds
[8/23/20 8:08:48:168 IST] 00000018 com.ibm.ws.kernel.feature.internal.FeatureManager            I CWWKF0007I: Feature update started.
[8/23/20 8:08:49:452 IST] 00000011 com.ibm.ws.security.ready.internal.SecurityReadyServiceImpl  I CWWKS0007I: The security service is starting...
[8/23/20 8:08:51:394 IST] 00000011 ibm.ws.security.authentication.internal.jaas.JAASServiceImpl I CWWKS1123I: The collective authentication plugin with class name NullCollectiveAuthenticationPlugin has been activated. 
[8/23/20 8:08:51:512 IST] 00000021 com.ibm.ws.security.token.ltpa.internal.LTPAKeyCreateTask    I CWWKS4105I: LTPA configuration is ready after 0.155 seconds.
[8/23/20 8:08:56:568 IST] 00000011 com.ibm.ws.app.manager.internal.monitor.DropinMonitor        A CWWKZ0058I: Monitoring dropins for applications. 
[8/23/20 8:08:56:922 IST] 0000001f com.ibm.ws.tcpchannel.internal.TCPChannel                    I CWWKO0219I: TCP Channel defaultHttpEndpoint has been started and is now listening for requests on host 127.0.0.1  (IPv4: 127.0.0.1) port 9080.
[8/23/20 8:08:58:353 IST] 00000011 com.ibm.ws.cache.ServerCache                                 I DYNA1001I: WebSphere Dynamic Cache instance named baseCache initialized successfully.
[8/23/20 8:08:58:356 IST] 00000011 com.ibm.ws.cache.ServerCache                                 I DYNA1071I: The cache provider default is being used.
[8/23/20 8:08:58:358 IST] 00000011 com.ibm.ws.cache.CacheServiceImpl                            I DYNA1056I: Dynamic Cache (object cache) initialized successfully.
[8/23/20 8:08:59:339 IST] 00000019 com.ibm.ws.app.manager.AppMessageHelper                      I CWWKZ0018I: Starting application ServletSample.
[8/23/20 8:08:59:863 IST] 00000019 org.jboss.weld.Version                                       I WELD-000900: 2.4.0 (Final)
[8/23/20 8:09:00:200 IST] 00000019 com.ibm.ws.session.WASSessionCore                            I SESN8501I: The session manager did not find a persistent storage location; HttpSession objects will be stored in the local application server's memory.
[8/23/20 8:09:00:228 IST] 00000019 com.ibm.ws.webcontainer.osgi.webapp.WebGroup                 I SRVE0169I: Loading Web Module: ServletSample.
[8/23/20 8:09:00:232 IST] 00000019 com.ibm.ws.webcontainer                                      I SRVE0250I: Web Module ServletSample has been bound to default_host.
[8/23/20 8:09:00:234 IST] 00000019 com.ibm.ws.http.internal.VirtualHostImpl                     A CWWKT0016I: Web application available (default_host): http://localhost:9080/ServletSample/
[8/23/20 8:09:00:250 IST] 00000019 com.ibm.ws.app.manager.AppMessageHelper                      A CWWKZ0001I: Application ServletSample started in 0.911 seconds.
[8/23/20 8:09:00:271 IST] 00000018 com.ibm.ws.kernel.feature.internal.FeatureManager            A CWWKF0012I: The server installed the following features: [jsp-2.3, ejbLite-3.2, managedBeans-1.0, servlet-3.1, jsf-2.2, beanValidation-1.1, ssl-1.0, jndi-1.0, appSecurity-2.0, jsonp-1.0, jdbc-4.1, jaxrs-2.0, el-3.0, jaxrsClient-2.0, json-1.0, cdi-1.2, distributedMap-1.0, webProfile-7.0, websocket-1.1, jpa-2.1].
[8/23/20 8:09:00:277 IST] 00000018 com.ibm.ws.kernel.feature.internal.FeatureManager            I CWWKF0008I: Feature update completed in 12.252 seconds.
[8/23/20 8:09:00:278 IST] 00000018 com.ibm.ws.kernel.feature.internal.FeatureManager            A CWWKF0011I: The server ServletSampleServer is ready to run a smarter planet.
[8/23/20 8:09:00:385 IST] 00000020 com.ibm.ws.session.WASSessionCore                            I SESN0176I: A new session context will be created for application key default_host/ServletSample
[8/23/20 8:09:00:473 IST] 00000020 com.ibm.ws.util                                              I SESN0172I: The session manager is using the Java default SecureRandom implementation for session ID generation.
[8/23/20 8:09:00:949 IST] 00000020 com.ibm.ws.cache.CacheServiceImpl                            I DYNA1056I: Dynamic Cache (object cache) initialized successfully.
[8/23/20 8:09:01:055 IST] 00000024 com.ibm.ws.webcontainer.osgi.mbeans.PluginGenerator          I SRVE9103I: A configuration file for a web server plugin was automatically generated for this server at C:\Users\Lenovo\eclipse-workspace\FIC\target\liberty\wlp\usr\servers\ServletSampleServer\logs\state\plugin-cfg.xml.
[8/23/20 8:11:29:465 IST] 0000000f com.ibm.ws.kernel.launch.internal.ServerCommandListener      A CWWKE0055I: Server shutdown requested on Sunday, August 23, 2020 at 8:11 AM. The server ServletSampleServer is shutting down.
[8/23/20 8:11:29:524 IST] 00000031 com.ibm.ws.runtime.update.internal.RuntimeUpdateManagerImpl  A CWWKE1100I: Waiting for up to 30 seconds for the server to quiesce.
[8/23/20 8:11:29:590 IST] 00000032 com.ibm.ws.tcpchannel.internal.TCPChannel                    I CWWKO0220I: TCP Channel defaultHttpEndpoint has stopped listening for requests on host 127.0.0.1  (IPv4: 127.0.0.1) port 9080.
[8/23/20 8:11:29:594 IST] 00000032 com.ibm.ws.http.internal.VirtualHostImpl                     A CWWKT0017I: Web application removed (default_host): http://localhost:9080/ServletSample/
[8/23/20 8:11:29:616 IST] 00000031 com.ibm.ws.runtime.update.internal.RuntimeUpdateManagerImpl  I CWWKE1101I: Server quiesce complete.
[8/23/20 8:11:29:724 IST] 0000001b com.ibm.ws.app.manager.AppMessageHelper                      A CWWKZ0009I: The application ServletSample has stopped successfully.
[8/23/20 8:11:29:916 IST] 00000031 com.ibm.ws.security.ready.internal.SecurityReadyServiceImpl  I CWWKS0009I: The security service has stopped.
[8/23/20 8:11:29:969 IST] 00000031 ibm.ws.security.authentication.internal.jaas.JAASServiceImpl I CWWKS1124I: The collective authentication plugin with class name NullCollectiveAuthenticationPlugin has been deactivated. 
[8/23/20 8:11:36:992 IST] 00000001 com.ibm.ws.kernel.launch.internal.FrameworkManager           A CWWKE0036I: The server ServletSampleServer stopped after 2 minutes, 51.794 seconds.
