********************************************************************************
product = WebSphere Application Server 17.0.0.1 (wlp-1.0.16.cl170120170227-0220)
wlp.install.dir = C:/Users/Lenovo/eclipse-workspace/FIC/target/liberty/wlp/
java.home = C:\Program Files\Java\jdk1.8.0_221\jre
java.version = 1.8.0_221
java.runtime = Java(TM) SE Runtime Environment (1.8.0_221-b11)
os = Windows 10 (10.0; amd64) (en_US)
process = 2224@DESKTOP-2IGDJ08
********************************************************************************
[8/23/20 8:08:01:584 IST] 00000001 com.ibm.ws.kernel.launch.internal.FrameworkManager           A CWWKE0001I: The server ServletSampleServer has been launched.
[8/23/20 8:08:01:609 IST] 00000001 com.ibm.ws.kernel.launch.internal.FrameworkManager           A CWWKE0100I: This product is licensed for development, and limited production use. The full license terms can be viewed here: https://public.dhe.ibm.com/ibmdl/export/pub/software/websphere/wasdev/license/base_ilan/ilan/17.0.0.1/lafiles/en.html
[8/23/20 8:08:05:064 IST] 00000001 com.ibm.ws.kernel.launch.internal.FrameworkManager           I CWWKE0002I: The kernel started after 4.019 seconds
[8/23/20 8:08:05:196 IST] 00000019 com.ibm.ws.kernel.feature.internal.FeatureManager            I CWWKF0007I: Feature update started.
[8/23/20 8:08:08:785 IST] 00000011 com.ibm.ws.security.ready.internal.SecurityReadyServiceImpl  I CWWKS0007I: The security service is starting...
[8/23/20 8:08:10:850 IST] 00000011 ibm.ws.security.authentication.internal.jaas.JAASServiceImpl I CWWKS1123I: The collective authentication plugin with class name NullCollectiveAuthenticationPlugin has been activated. 
[8/23/20 8:08:11:021 IST] 0000001e com.ibm.ws.security.token.ltpa.internal.LTPAKeyCreateTask    I CWWKS4105I: LTPA configuration is ready after 0.215 seconds.
[8/23/20 8:08:17:331 IST] 00000011 com.ibm.ws.app.manager.internal.monitor.DropinMonitor        A CWWKZ0058I: Monitoring dropins for applications. 
[8/23/20 8:08:18:155 IST] 0000001a com.ibm.ws.tcpchannel.internal.TCPChannel                    I CWWKO0219I: TCP Channel defaultHttpEndpoint has been started and is now listening for requests on host 127.0.0.1  (IPv4: 127.0.0.1) port 9080.
[8/23/20 8:08:22:658 IST] 00000011 com.ibm.ws.cache.ServerCache                                 I DYNA1001I: WebSphere Dynamic Cache instance named baseCache initialized successfully.
[8/23/20 8:08:22:706 IST] 00000011 com.ibm.ws.cache.ServerCache                                 I DYNA1071I: The cache provider default is being used.
[8/23/20 8:08:22:707 IST] 00000011 com.ibm.ws.cache.CacheServiceImpl                            I DYNA1056I: Dynamic Cache (object cache) initialized successfully.
[8/23/20 8:08:24:426 IST] 0000002a com.ibm.ws.app.manager.AppMessageHelper                      I CWWKZ0018I: Starting application ServletSample.
[8/23/20 8:08:26:430 IST] 0000002a org.jboss.weld.Version                                       I WELD-000900: 2.4.0 (Final)
[8/23/20 8:08:27:245 IST] 0000002a com.ibm.ws.session.WASSessionCore                            I SESN8501I: The session manager did not find a persistent storage location; HttpSession objects will be stored in the local application server's memory.
[8/23/20 8:08:27:304 IST] 0000002a com.ibm.ws.webcontainer.osgi.webapp.WebGroup                 I SRVE0169I: Loading Web Module: ServletSample.
[8/23/20 8:08:27:307 IST] 0000002a com.ibm.ws.webcontainer                                      I SRVE0250I: Web Module ServletSample has been bound to default_host.
[8/23/20 8:08:27:308 IST] 0000002a com.ibm.ws.http.internal.VirtualHostImpl                     A CWWKT0016I: Web application available (default_host): http://localhost:9080/ServletSample/
[8/23/20 8:08:27:319 IST] 0000002a com.ibm.ws.app.manager.AppMessageHelper                      A CWWKZ0001I: Application ServletSample started in 2.893 seconds.
[8/23/20 8:08:27:359 IST] 00000019 com.ibm.ws.kernel.feature.internal.FeatureManager            A CWWKF0012I: The server installed the following features: [jsp-2.3, ejbLite-3.2, managedBeans-1.0, servlet-3.1, jsf-2.2, beanValidation-1.1, ssl-1.0, jndi-1.0, appSecurity-2.0, jsonp-1.0, jdbc-4.1, jaxrs-2.0, el-3.0, jaxrsClient-2.0, json-1.0, cdi-1.2, distributedMap-1.0, webProfile-7.0, websocket-1.1, jpa-2.1].
[8/23/20 8:08:27:360 IST] 00000019 com.ibm.ws.kernel.feature.internal.FeatureManager            I CWWKF0008I: Feature update completed in 22.295 seconds.
[8/23/20 8:08:27:360 IST] 00000019 com.ibm.ws.kernel.feature.internal.FeatureManager            A CWWKF0011I: The server ServletSampleServer is ready to run a smarter planet.
[8/23/20 8:08:27:549 IST] 0000001d com.ibm.ws.session.WASSessionCore                            I SESN0176I: A new session context will be created for application key default_host/ServletSample
[8/23/20 8:08:27:589 IST] 0000001d com.ibm.ws.util                                              I SESN0172I: The session manager is using the Java default SecureRandom implementation for session ID generation.
[8/23/20 8:08:29:638 IST] 0000001d com.ibm.ws.cache.CacheServiceImpl                            I DYNA1056I: Dynamic Cache (object cache) initialized successfully.
[8/23/20 8:08:31:479 IST] 00000021 com.ibm.ws.webcontainer.osgi.mbeans.PluginGenerator          I SRVE9103I: A configuration file for a web server plugin was automatically generated for this server at C:\Users\Lenovo\eclipse-workspace\FIC\target\liberty\wlp\usr\servers\ServletSampleServer\logs\state\plugin-cfg.xml.
[8/23/20 8:08:33:668 IST] 0000000f com.ibm.ws.kernel.launch.internal.ServerCommandListener      A CWWKE0055I: Server shutdown requested on Sunday, August 23, 2020 at 8:08 AM. The server ServletSampleServer is shutting down.
[8/23/20 8:08:33:749 IST] 0000002e com.ibm.ws.runtime.update.internal.RuntimeUpdateManagerImpl  A CWWKE1100I: Waiting for up to 30 seconds for the server to quiesce.
[8/23/20 8:08:33:759 IST] 0000002f com.ibm.ws.tcpchannel.internal.TCPChannel                    I CWWKO0220I: TCP Channel defaultHttpEndpoint has stopped listening for requests on host 127.0.0.1  (IPv4: 127.0.0.1) port 9080.
[8/23/20 8:08:33:761 IST] 0000002f com.ibm.ws.http.internal.VirtualHostImpl                     A CWWKT0017I: Web application removed (default_host): http://localhost:9080/ServletSample/
[8/23/20 8:08:33:766 IST] 0000002e com.ibm.ws.runtime.update.internal.RuntimeUpdateManagerImpl  I CWWKE1101I: Server quiesce complete.
[8/23/20 8:08:34:328 IST] 00000019 com.ibm.ws.app.manager.AppMessageHelper                      A CWWKZ0009I: The application ServletSample has stopped successfully.
[8/23/20 8:08:34:398 IST] 0000002e com.ibm.ws.security.ready.internal.SecurityReadyServiceImpl  I CWWKS0009I: The security service has stopped.
[8/23/20 8:08:34:443 IST] 0000002e ibm.ws.security.authentication.internal.jaas.JAASServiceImpl I CWWKS1124I: The collective authentication plugin with class name NullCollectiveAuthenticationPlugin has been deactivated. 
[8/23/20 8:08:37:077 IST] 00000001 com.ibm.ws.kernel.launch.internal.FrameworkManager           A CWWKE0036I: The server ServletSampleServer stopped after 36.033 seconds.
